This is pdfTeXk, Version 3.141592-1.40.3 (Web2C 7.5.6) (format=pdflatex 2009.12.17)  29 DEC 2009 10:33
entering extended mode
 %&-line parsing enabled.
**doc.tex
(./doc.tex
LaTeX2e <2005/12/01>
Babel <v3.8h> and hyphenation patterns for english, usenglishmax, dumylang, noh
yphenation, loaded.
(/usr/share/texmf-texlive/tex/latex/base/article.cls
Document Class: article 2005/09/16 v1.4f Standard LaTeX document class
(/usr/share/texmf-texlive/tex/latex/base/size10.clo
File: size10.clo 2005/09/16 v1.4f Standard LaTeX file (size option)
)
\c@part=\count79
\c@section=\count80
\c@subsection=\count81
\c@subsubsection=\count82
\c@paragraph=\count83
\c@subparagraph=\count84
\c@figure=\count85
\c@table=\count86
\abovecaptionskip=\skip41
\belowcaptionskip=\skip42
\bibindent=\dimen102
)
(/usr/share/texmf-texlive/tex/latex/psnfss/times.sty
Package: times 2005/04/12 PSNFSS-v9.2a (SPQR) 
)
(/usr/share/texmf-texlive/tex/latex/geometry/geometry.sty
Package: geometry 2002/07/08 v3.2 Page Geometry

(/usr/share/texmf-texlive/tex/latex/graphics/keyval.sty
Package: keyval 1999/03/16 v1.13 key=value parser (DPC)
\KV@toks@=\toks14
)
\Gm@cnth=\count87
\Gm@cntv=\count88
\c@Gm@tempcnt=\count89
\Gm@bindingoffset=\dimen103
\Gm@wd@mp=\dimen104
\Gm@odd@mp=\dimen105
\Gm@even@mp=\dimen106
\Gm@dimlist=\toks15
)
(/usr/share/texmf-texlive/tex/latex/graphics/graphicx.sty
Package: graphicx 1999/02/16 v1.0f Enhanced LaTeX Graphics (DPC,SPQR)

(/usr/share/texmf-texlive/tex/latex/graphics/graphics.sty
Package: graphics 2006/02/20 v1.0o Standard LaTeX Graphics (DPC,SPQR)

(/usr/share/texmf-texlive/tex/latex/graphics/trig.sty
Package: trig 1999/03/16 v1.09 sin cos tan (DPC)
)
(/etc/texmf/tex/latex/config/graphics.cfg
File: graphics.cfg 2007/01/18 v1.5 graphics configuration of teTeX/TeXLive
)
Package graphics Info: Driver file: pdftex.def on input line 90.

(/usr/share/texmf-texlive/tex/latex/pdftex-def/pdftex.def
File: pdftex.def 2007/01/08 v0.04d Graphics/color for pdfTeX
\Gread@gobject=\count90
))
\Gin@req@height=\dimen107
\Gin@req@width=\dimen108
)
(/usr/share/texmf-texlive/tex/latex/float/float.sty
Package: float 2001/11/08 v1.3d Float enhancements (AL)
\c@float@type=\count91
\float@exts=\toks16
\float@box=\box26
\@float@everytoks=\toks17
\@floatcapt=\box27
)
\@float@every@program=\toks18
\c@program=\count92
 (./doc.aux)
\openout1 = `doc.aux'.

LaTeX Font Info:    Checking defaults for OML/cmm/m/it on input line 12.
LaTeX Font Info:    ... okay on input line 12.
LaTeX Font Info:    Checking defaults for T1/cmr/m/n on input line 12.
LaTeX Font Info:    ... okay on input line 12.
LaTeX Font Info:    Checking defaults for OT1/cmr/m/n on input line 12.
LaTeX Font Info:    ... okay on input line 12.
LaTeX Font Info:    Checking defaults for OMS/cmsy/m/n on input line 12.
LaTeX Font Info:    ... okay on input line 12.
LaTeX Font Info:    Checking defaults for OMX/cmex/m/n on input line 12.
LaTeX Font Info:    ... okay on input line 12.
LaTeX Font Info:    Checking defaults for U/cmr/m/n on input line 12.
LaTeX Font Info:    ... okay on input line 12.
LaTeX Font Info:    Try loading font information for OT1+ptm on input line 12.

(/usr/share/texmf-texlive/tex/latex/psnfss/ot1ptm.fd
File: ot1ptm.fd 2001/06/04 font definitions for OT1/ptm.
)
-------------------- Geometry parameters
paper: class default
landscape: --
twocolumn: --
twoside: --
asymmetric: --
h-parts: 72.26999pt, 469.75502pt, 72.26999pt
v-parts: 72.26999pt, 650.43001pt, 72.26999pt
hmarginratio: --
vmarginratio: --
lines: --
heightrounded: --
bindingoffset: 0.0pt
truedimen: --
includehead: --
includefoot: --
includemp: --
driver: pdftex
-------------------- Page layout dimensions and switches
\paperwidth  614.295pt
\paperheight 794.96999pt
\textwidth  469.75502pt
\textheight 650.43001pt
\oddsidemargin  0.0pt
\evensidemargin 0.0pt
\topmargin  -37.0pt
\headheight 12.0pt
\headsep    25.0pt
\footskip   30.0pt
\marginparwidth 65.0pt
\marginparsep   11.0pt
\columnsep  10.0pt
\skip\footins  9.0pt plus 4.0pt minus 2.0pt
\hoffset 0.0pt
\voffset 0.0pt
\mag 1000

(1in=72.27pt, 1cm=28.45pt)
-----------------------
LaTeX Font Info:    External font `cmex10' loaded for size
(Font)              <12> on input line 21.
LaTeX Font Info:    External font `cmex10' loaded for size
(Font)              <8> on input line 21.
LaTeX Font Info:    External font `cmex10' loaded for size
(Font)              <6> on input line 21.
LaTeX Font Info:    Try loading font information for OT1+pcr on input line 21.

(/usr/share/texmf-texlive/tex/latex/psnfss/ot1pcr.fd
File: ot1pcr.fd 2001/06/04 font definitions for OT1/pcr.
)
LaTeX Font Info:    Font shape `OT1/ptm/bx/n' in size <14.4> not available
(Font)              Font shape `OT1/ptm/b/n' tried instead on input line 23.
 (./doc.toc
LaTeX Font Info:    Font shape `OT1/ptm/bx/n' in size <10> not available
(Font)              Font shape `OT1/ptm/b/n' tried instead on input line 1.
LaTeX Font Info:    External font `cmex10' loaded for size
(Font)              <7> on input line 5.
LaTeX Font Info:    External font `cmex10' loaded for size
(Font)              <5> on input line 5.
)
\tf@toc=\write3
\openout3 = `doc.toc'.

 [1

{/var/lib/texmf/fonts/map/pdftex/updmap/pdftex.map}]
LaTeX Font Info:    Font shape `OT1/ptm/bx/n' in size <9> not available
(Font)              Font shape `OT1/ptm/b/n' tried instead on input line 25.

Underfull \hbox (badness 10000) in paragraph at lines 25--26

 []


Underfull \hbox (badness 10000) in paragraph at lines 27--28

 []


Underfull \hbox (badness 10000) in paragraph at lines 29--34

 []

LaTeX Font Info:    Font shape `OT1/ptm/bx/n' in size <12> not available
(Font)              Font shape `OT1/ptm/b/n' tried instead on input line 56.
[2] <label.png, id=11, 50.1875pt x 27.10126pt>
File: label.png Graphic file (type png)
 <use label.png>
Underfull \hbox (badness 10000) in paragraph at lines 67--75

 []

<labelgreen.png, id=12, 82.3075pt x 26.0975pt>
File: labelgreen.png Graphic file (type png)
 <use labelgreen.png>
Underfull \hbox (badness 10000) in paragraph at lines 77--85

 []

<labelgrey.png, id=13, 130.4875pt x 29.10875pt>
File: labelgrey.png Graphic file (type png)
 <use labelgrey.png>
Underfull \hbox (badness 10000) in paragraph at lines 87--95

 []

<rectbutton.png, id=14, 72.27pt x 71.26625pt>
File: rectbutton.png Graphic file (type png)
 <use rectbutton.png>
Underfull \hbox (badness 10000) in paragraph at lines 97--105

 []

<rectbuttongrey.png, id=15, 53.19875pt x 56.21pt>
File: rectbuttongrey.png Graphic file (type png)
 <use rectbuttongrey.png>
Underfull \hbox (badness 10000) in paragraph at lines 107--115

 []

[3 <./label.png> <./labelgreen.png> <./labelgrey.png>]
<rectbuttongreen.png, id=22, 60.225pt x 61.22874pt>
File: rectbuttongreen.png Graphic file (type png)
 <use rectbuttongreen.png>
Underfull \hbox (badness 10000) in paragraph at lines 117--125

 []

<roundbutton.png, id=23, 47.17625pt x 52.195pt>
File: roundbutton.png Graphic file (type png)
 <use roundbutton.png>
Underfull \hbox (badness 10000) in paragraph at lines 127--135

 []

<roundbuttongrey.png, id=24, 47.17625pt x 48.18pt>
File: roundbuttongrey.png Graphic file (type png)
 <use roundbuttongrey.png>
Underfull \hbox (badness 10000) in paragraph at lines 137--145

 []

<roundbuttongreen.png, id=25, 46.1725pt x 46.1725pt>
File: roundbuttongreen.png Graphic file (type png)

<use roundbuttongreen.png>
Underfull \hbox (badness 10000) in paragraph at lines 147--155

 []


Underfull \hbox (badness 10000) in paragraph at lines 157--158

 []

[4 <./rectbutton.png> <./rectbuttongrey.png> <./rectbuttongreen.png>]
Underfull \hbox (badness 10000) in paragraph at lines 160--161

 []

<line.png, id=32, 28.105pt x 68.255pt>
File: line.png Graphic file (type png)
 <use line.png>
Underfull \hbox (badness 10000) in paragraph at lines 163--171

 []

<linegreen.png, id=33, 86.3225pt x 16.06pt>
File: linegreen.png Graphic file (type png)
 <use linegreen.png>
Underfull \hbox (badness 10000) in paragraph at lines 173--181

 []

<linegrey.png, id=34, 86.3225pt x 15.05624pt>
File: linegrey.png Graphic file (type png)
 <use linegrey.png>
Underfull \hbox (badness 10000) in paragraph at lines 183--191

 []

<lineblue.png, id=35, 86.3225pt x 17.06375pt>
File: lineblue.png Graphic file (type png)
 <use lineblue.png>
Underfull \hbox (badness 10000) in paragraph at lines 193--201

 []

<bullet.png, id=36, 75.28125pt x 20.075pt>
File: bullet.png Graphic file (type png)
 <use bullet.png>
Underfull \hbox (badness 10000) in paragraph at lines 203--211

 []

<bulletgreen.png, id=37, 116.435pt x 25.09375pt>
File: bulletgreen.png Graphic file (type png)
 <use bulletgreen.png>
Underfull \hbox (badness 10000) in paragraph at lines 213--221

 []

[5 <./roundbutton.png> <./roundbuttongrey.png>] [6 <./roundbuttongreen.png> <./
line.png> <./linegreen.png> <./linegrey.png> <./lineblue.png> <./bullet.png>]
<bulletblue.png, id=52, 111.41624pt x 26.0975pt>
File: bulletblue.png Graphic file (type png)
 <use bulletblue.png>
Underfull \hbox (badness 10000) in paragraph at lines 223--231

 []

<mlbullet.png, id=53, 75.28125pt x 20.075pt>
File: mlbullet.png Graphic file (type png)
 <use mlbullet.png>
Underfull \hbox (badness 10000) in paragraph at lines 233--241

 []

<mlbulletgreen.png, id=54, 116.435pt x 25.09375pt>
File: mlbulletgreen.png Graphic file (type png)
 <use mlbulletgreen.png>
Underfull \hbox (badness 10000) in paragraph at lines 243--251

 []

<mlbulletblue.png, id=55, 111.41624pt x 26.0975pt>
File: mlbulletblue.png Graphic file (type png)
 <use mlbulletblue.png>
Underfull \hbox (badness 10000) in paragraph at lines 253--261

 []

<text.png, id=56, 58.2175pt x 17.06375pt>
File: text.png Graphic file (type png)
 <use text.png>
Underfull \hbox (badness 10000) in paragraph at lines 263--271

 []

[7 <./bulletgreen.png> <./bulletblue.png> <./mlbullet.png>] [8 <./mlbulletgreen
.png> <./mlbulletblue.png> <./text.png>] (./doc.aux) ) 
Here is how much of TeX's memory you used:
 1197 strings out of 95086
 15884 string characters out of 1183254
 66669 words of memory out of 1500000
 4374 multiletter control sequences out of 10000+50000
 20757 words of font info for 44 fonts, out of 1200000 for 2000
 28 hyphenation exceptions out of 8191
 25i,6n,19p,463b,278s stack positions out of 5000i,500n,6000p,200000b,5000s
{/usr/share/texmf-texlive
/fonts/enc/dvips/base/8r.enc}</usr/share/texmf-texlive/fonts/type1/urw/courier/
ucrr8a.pfb></usr/share/texmf-texlive/fonts/type1/urw/times/utmb8a.pfb></usr/sha
re/texmf-texlive/fonts/type1/urw/times/utmr8a.pfb>
Output written on doc.pdf (8 pages, 76375 bytes).
PDF statistics:
 82 PDF objects out of 1000 (max. 8388607)
 0 named destinations out of 1000 (max. 131072)
 101 words of extra memory for PDF output out of 10000 (max. 10000000)

